warning: hyprland-0.44.1-1 is up to date -- skipping
warning: hyprpicker-0.4.1-1 is up to date -- skipping
warning: hypridle-0.1.2-1 is up to date -- skipping
warning: hyprlock-0.4.1-1 is up to date -- skipping
warning: xdg-desktop-portal-hyprland-1.3.6-1 is up to date -- skipping
warning: kitty-0.36.4-1 is up to date -- skipping
warning: ttf-nerd-fonts-symbols-common-3.2.1-1 is up to date -- skipping
warning: otf-firamono-nerd-3.2.1-2 is up to date -- skipping
warning: inter-font-4.0-3 is up to date -- skipping
warning: ttf-fantasque-nerd-3.2.1-2 is up to date -- skipping
warning: noto-fonts-1:24.9.1-1 is up to date -- skipping
warning: noto-fonts-emoji-1:2.047-1 is up to date -- skipping
warning: ttf-jetbrains-mono-nerd-3.2.1-2 is up to date -- skipping
warning: fcitx5-5.1.11-1 is up to date -- skipping
warning: ttf-iosevka-nerd-3.2.1-2 is up to date -- skipping
warning: adobe-source-code-pro-fonts-2.042u+1.062i+1.026vf-2 is up to date -- skipping
warning: ttf-firacode-nerd-3.2.1-2 is up to date -- skipping
warning: firefox-131.0.2-1 is up to date -- skipping
warning: brightnessctl-0.5.1-3 is up to date -- skipping
warning: dunst-1.11.0-1 is up to date -- skipping
warning: swaybg-1.2.1-1 is up to date -- skipping
warning: sddm-0.21.0-4 is up to date -- skipping
warning: wl-clipboard-1:2.2.1-2 is up to date -- skipping
warning: wf-recorder-0.5.0-1 is up to date -- skipping
warning: rofi-emoji-3.4.1-1 is up to date -- skipping
warning: nwg-look-0.2.7-1 is up to date -- skipping
warning: eza-0.20.2-1 is up to date -- skipping
warning: qt5ct-1.8-2 is up to date -- skipping
warning: btop-1.4.0-3 is up to date -- skipping
warning: jq-1.7.1-2 is up to date -- skipping
warning: gvfs-1.56.0-1 is up to date -- skipping
warning: ffmpegthumbs-24.08.2-1 is up to date -- skipping
warning: mousepad-0.6.2-4 is up to date -- skipping
warning: mpv-1:0.39.0-1 is up to date -- skipping
warning: mpv-mpris-1.1-2 is up to date -- skipping
warning: neovim-0.10.2-2 is up to date -- skipping
warning: playerctl-2.4.1-4 is up to date -- skipping
warning: pamixer-1.6-3 is up to date -- skipping
warning: noise-suppression-for-voice-1.10-1 is up to date -- skipping
warning: xarchiver-0.5.4.23-1 is up to date -- skipping
warning: polkit-gnome-0.105-11 is up to date -- skipping
warning: zsh-5.9-5 is up to date -- skipping
warning: zsh-autosuggestions-0.7.0-3 is up to date -- skipping
warning: zsh-syntax-highlighting-0.8.0-1 is up to date -- skipping
warning: zsh-history-substring-search-1.1.0-2 is up to date -- skipping
warning: ffmpeg-2:7.0.2-3 is up to date -- skipping
warning: neovim-0.10.2-2 is up to date -- skipping
warning: viewnior-1.8-5 is up to date -- skipping
warning: pavucontrol-1:6.1-1 is up to date -- skipping
warning: thunar-4.18.11-2 is up to date -- skipping
warning: ffmpegthumbnailer-2.2.3-2 is up to date -- skipping
warning: tumbler-4.18.2-2 is up to date -- skipping
warning: thunar-archive-plugin-0.5.2-2 is up to date -- skipping
warning: xdg-user-dirs-0.18-2 is up to date -- skipping
 there is nothing to do
:: Resolving dependencies...
:: otf-sora-1.002-1 is up to date -- skipping
:: ttf-comfortaa-3.105-2 is up to date -- skipping
:: ttf-icomoon-feather-1.0-2 is up to date -- skipping
:: wlogout-1.2.2-0 is up to date -- skipping
:: wttr-1.55.r0.g36893b1-1 is up to date -- skipping
:: catppuccin-cursors-mocha-0.3.1-1 is up to date -- skipping
:: catppuccin-gtk-theme-mocha-1.0.3-1 is up to date -- skipping
:: zsh-theme-powerlevel10k-1.20.0-4 is up to date -- skipping
:: gowall-0.1.8-1 is up to date -- skipping
:: Calculating conflicts...
:: Calculating inner conflicts...

Aur (4) grimblast-git-r89.fe26a90-1  waybar-git-r2429.09142fa3-1  vesktop-git-1.5.3.r17.g062b536-1  rofi-lbonn-wayland-git-1.7.5.wayland1.r42.g5d4a3e14-1

:: Proceed to review? [Y/n]: 
:: Downloading PKGBUILDs...
 PKGBUILDs up to date
 nothing new to review
fetching devel info...
==> Making package: grimblast-git r89.fe26a90-1 (Mon 14 Oct 2024 09:53:14 PM PST)
==> Retrieving sources...
  -> Updating contrib git repo...
==> Validating source files with md5sums...
    contrib ... Skipped
==> Making package: grimblast-git r89.fe26a90-1 (Mon 14 Oct 2024 09:53:15 PM PST)
==> Checking runtime dependencies...
==> Checking buildtime dependencies...
==> Retrieving sources...
  -> Updating contrib git repo...
==> Validating source files with md5sums...
    contrib ... Skipped
==> Removing existing $srcdir/ directory...
==> Extracting sources...
  -> Creating working copy of contrib git repo...
Cloning into 'contrib'...
done.
==> Starting pkgver()...
==> Updated version: grimblast-git r108.1e531dc-1
==> Sources are ready.
grimblast-git-r89.fe26a90-1: parsing pkg list...
:: grimblast-git-r89.fe26a90-1 is up to date -- skipping
:: grimblast-git-r89.fe26a90-1 is up to date -- skipping build
:: grimblast-git-r89.fe26a90-1 is up to date -- skipping install
==> Making package: waybar-git r2429.09142fa3-1 (Mon 14 Oct 2024 09:53:17 PM PST)
==> Retrieving sources...
  -> Updating waybar-git git repo...
==> Validating source files with sha1sums...
    waybar-git ... Skipped
==> Making package: waybar-git r2429.09142fa3-1 (Mon 14 Oct 2024 09:53:18 PM PST)
==> Checking runtime dependencies...
==> Checking buildtime dependencies...
==> Retrieving sources...
  -> Updating waybar-git git repo...
==> Validating source files with sha1sums...
    waybar-git ... Skipped
==> Removing existing $srcdir/ directory...
==> Extracting sources...
  -> Creating working copy of waybar-git git repo...
Cloning into 'waybar-git'...
done.
==> Starting prepare()...
==> Starting pkgver()...
==> Updated version: waybar-git r3697.280f11e2-1
==> Sources are ready.
waybar-git-r2429.09142fa3-1: parsing pkg list...
:: waybar-git-r2429.09142fa3-1 is up to date -- skipping
:: waybar-git-r2429.09142fa3-1 is up to date -- skipping build
:: waybar-git-r2429.09142fa3-1 is up to date -- skipping install
==> Making package: vesktop-git 1.5.3.r17.g062b536-1 (Mon 14 Oct 2024 09:53:21 PM PST)
==> Retrieving sources...
  -> Updating vesktop git repo...
  -> Found vesktop.desktop
  -> Found vesktop.sh
  -> Found afterPack.js
==> Validating source files with sha256sums...
    vesktop ... Skipped
    vesktop.desktop ... Passed
    vesktop.sh ... Passed
    afterPack.js ... Passed
==> Making package: vesktop-git 1.5.3.r17.g062b536-1 (Mon 14 Oct 2024 09:53:23 PM PST)
==> Checking runtime dependencies...
==> Checking buildtime dependencies...
==> Retrieving sources...
  -> Updating vesktop git repo...
  -> Found vesktop.desktop
  -> Found vesktop.sh
  -> Found afterPack.js
==> Validating source files with sha256sums...
    vesktop ... Skipped
    vesktop.desktop ... Passed
    vesktop.sh ... Passed
    afterPack.js ... Passed
==> Removing existing $srcdir/ directory...
==> Extracting sources...
  -> Creating working copy of vesktop git repo...
Cloning into 'vesktop'...
done.
==> Starting pkgver()...
==> Updated version: vesktop-git 1.5.3.r18.gccff1ac-1
==> Sources are ready.
vesktop-git-1.5.3.r17.g062b536-1: parsing pkg list...
:: vesktop-git-1.5.3.r17.g062b536-1 is up to date -- skipping
:: vesktop-git-1.5.3.r17.g062b536-1 is up to date -- skipping build
:: vesktop-git-1.5.3.r17.g062b536-1 is up to date -- skipping install
==> Making package: rofi-lbonn-wayland-git 1.7.5.wayland1.r42.g5d4a3e14-1 (Mon 14 Oct 2024 09:53:25 PM PST)
==> Retrieving sources...
  -> Updating rofi-lbonn-wayland-git git repo...
  -> Updating libgwater git repo...
  -> Updating libnkutils git repo...
==> Validating source files with sha256sums...
    rofi-lbonn-wayland-git ... Skipped
    libgwater ... Skipped
    libnkutils ... Skipped
==> Making package: rofi-lbonn-wayland-git 1.7.5.wayland1.r42.g5d4a3e14-1 (Mon 14 Oct 2024 09:53:29 PM PST)
==> Checking runtime dependencies...
==> Checking buildtime dependencies...
==> Retrieving sources...
  -> Updating rofi-lbonn-wayland-git git repo...
  -> Updating libgwater git repo...
  -> Updating libnkutils git repo...
==> Validating source files with sha256sums...
    rofi-lbonn-wayland-git ... Skipped
    libgwater ... Skipped
    libnkutils ... Skipped
==> Removing existing $srcdir/ directory...
==> Extracting sources...
  -> Creating working copy of rofi-lbonn-wayland-git git repo...
Cloning into 'rofi-lbonn-wayland-git'...
done.
Switched to a new branch 'makepkg'
  -> Creating working copy of libgwater git repo...
Cloning into 'libgwater'...
done.
  -> Creating working copy of libnkutils git repo...
Cloning into 'libnkutils'...
done.
==> Starting prepare()...
Submodule 'libgwater' (https://github.com/sardemff7/libgwater) registered for path 'subprojects/libgwater'
Submodule 'libnkutils' (https://github.com/sardemff7/libnkutils) registered for path 'subprojects/libnkutils'
Cloning into '/home/al/.cache/paru/clone/rofi-lbonn-wayland-git/src/rofi-lbonn-wayland-git/subprojects/libgwater'...
Cloning into '/home/al/.cache/paru/clone/rofi-lbonn-wayland-git/src/rofi-lbonn-wayland-git/subprojects/libnkutils'...
Submodule path 'subprojects/libgwater': checked out '42a145150cff135be377754486c504836ddea836'
Submodule path 'subprojects/libnkutils': checked out '72bd7fb07f627a864e724639eea9fab6cccbd77c'
==> Starting pkgver()...
==> Updated version: rofi-lbonn-wayland-git 1.7.5.wayland3.r27.g142e7807-1
==> Sources are ready.
rofi-lbonn-wayland-git-1.7.5.wayland1.r42.g5d4a3e14-1: parsing pkg list...
:: rofi-lbonn-wayland-git-1.7.5.wayland1.r42.g5d4a3e14-1 is up to date -- skipping
:: rofi-lbonn-wayland-git-1.7.5.wayland1.r42.g5d4a3e14-1 is up to date -- skipping build
:: rofi-lbonn-wayland-git-1.7.5.wayland1.r42.g5d4a3e14-1 is up to date -- skipping install
